<?xml version="1.0" encoding="UTF-8" ?>
<testsuites disabled="0" errors="0" failures="1" tests="2" time="37.55">
 <testsuite name="Addition Test" timestamp="2021-10-14T16:41:06" hostname="localhost" time="37.55" errors="0" tests="2" skipped="0" disabled="0" failures="1">
  <testcase classname="Addition Test" name="Addition Valid Scenario " time="32.445" />
  <testcase classname="Addition Test" name="Addition Invalid Scenario " time="5.102">
   <failure type="toEqual" message="Expected &apos;60&apos; to equal &apos;40&apos;."><![CDATA[Error: Failed expectation
    at homepage.Go (D:\synechron_11_10_Protractor\Training\protractor\page\CalculatorHomePage.js:19:34)
    at UserContext.<anonymous> (D:\synechron_11_10_Protractor\Training\protractor\test\AdditionTest.js:17:18)
    at C:\Users\Aravind\AppData\Roaming\npm\node_modules\protractor\node_modules\jasminewd2\index.js:112:25
    at new ManagedPromise (C:\Users\Aravind\AppData\Roaming\npm\node_modules\protractor\node_modules\selenium-webdriver\lib\promise.js:1077:7)
    at ControlFlow.promise (C:\Users\Aravind\AppData\Roaming\npm\node_modules\protractor\node_modules\selenium-webdriver\lib\promise.js:2505:12)
    at schedulerExecute (C:\Users\Aravind\AppData\Roaming\npm\node_modules\protractor\node_modules\jasminewd2\index.js:95:18)
    at TaskQueue.execute_ (C:\Users\Aravind\AppData\Roaming\npm\node_modules\protractor\node_modules\selenium-webdriver\lib\promise.js:3084:14)
    at TaskQueue.executeNext_ (C:\Users\Aravind\AppData\Roaming\npm\node_modules\protractor\node_modules\selenium-webdriver\lib\promise.js:3067:27)
    at C:\Users\Aravind\AppData\Roaming\npm\node_modules\protractor\node_modules\selenium-webdriver\lib\promise.js:2927:27]]>
   </failure>
  </testcase>
 </testsuite>
</testsuites>